<?xml version="1.0" encoding="UTF-8"?>
<testsuites>
    <testsuite name="idsFree.nmap.scanReport" errors="0" tests="2" failures="0" timestamp="2013-05-24T10:23:58">
        <properties>
            <property name="scanner.nmap" value="Scanned with Nmap 6.47" />
        </properties>

        <testcase classname="nmap-redis-brute" name="Scan was found a issue with level: informational" time="0.001">
             <failure message="test failure">
  ERROR: Server does not require authentication
             </failure>
        </testcase>
        <testcase classname="nmap-redis-info" name="Scan was found a issue with level: informational" time="0.001">
             <failure message="test failure">
  Version            3.2.8
  Operating System   Linux 4.9.0-kali3-amd64 x86_64
  Architecture       64 bits
  Process ID         1
  Used CPU (sys)     0.02
  Used CPU (user)    0.03
  Connected clients  1
  Connected slaves   0
  Used memory        802.97K
  Role               master

             </failure>
        </testcase>
    
    </testsuite>
</testsuites>    
